0 info it worked if it ends with ok
1 verbose cli [ '/usr/local/bin/node', '/usr/local/bin/npm', 'start' ]
2 info using npm@3.10.5
3 info using node@v5.5.0
4 verbose run-script [ 'prestart', 'start', 'poststart' ]
5 info lifecycle neighborhood-map@1.0.0~prestart: neighborhood-map@1.0.0
6 silly lifecycle neighborhood-map@1.0.0~prestart: no script for prestart, continuing
7 info lifecycle neighborhood-map@1.0.0~start: neighborhood-map@1.0.0
8 verbose lifecycle neighborhood-map@1.0.0~start: unsafe-perm in lifecycle true
9 verbose lifecycle neighborhood-map@1.0.0~start: PATH: /usr/local/lib/node_modules/npm/bin/node-gyp-bin:/Users/jon/Projects/Map/node_modules/.bin:/usr/local/bin:/Users/jon/exec -l /bin/bash/google-cloud-sdk/bin:/usr/local/sbin:/usr/local/bin:/usr/local/mysql/bin:/usr/local/bin:/usr/bin:/bin:/usr/sbin:/sbin:/opt/X11/bin:/usr/local/share/dotnet:/Users/jon/bin
10 verbose lifecycle neighborhood-map@1.0.0~start: CWD: /Users/jon/Projects/Map
11 silly lifecycle neighborhood-map@1.0.0~start: Args: [ '-c',
11 silly lifecycle   'tsc && cp ./src/index.html ./built && cp -R ./static ./built && cp -R ./externals ./built && http-server ./built -d -o -a localhost -p 8080' ]
12 silly lifecycle neighborhood-map@1.0.0~start: Returned: code: 2  signal: null
13 info lifecycle neighborhood-map@1.0.0~start: Failed to exec start script
14 verbose stack Error: neighborhood-map@1.0.0 start: `tsc && cp ./src/index.html ./built && cp -R ./static ./built && cp -R ./externals ./built && http-server ./built -d -o -a localhost -p 8080`
14 verbose stack Exit status 2
14 verbose stack     at EventEmitter.<anonymous> (/usr/local/lib/node_modules/npm/lib/utils/lifecycle.js:242:16)
14 verbose stack     at emitTwo (events.js:100:13)
14 verbose stack     at EventEmitter.emit (events.js:185:7)
14 verbose stack     at ChildProcess.<anonymous> (/usr/local/lib/node_modules/npm/lib/utils/spawn.js:40:14)
14 verbose stack     at emitTwo (events.js:100:13)
14 verbose stack     at ChildProcess.emit (events.js:185:7)
14 verbose stack     at maybeClose (internal/child_process.js:821:16)
14 verbose stack     at Process.ChildProcess._handle.onexit (internal/child_process.js:211:5)
15 verbose pkgid neighborhood-map@1.0.0
16 verbose cwd /Users/jon/Projects/Map
17 error Darwin 14.5.0
18 error argv "/usr/local/bin/node" "/usr/local/bin/npm" "start"
19 error node v5.5.0
20 error npm  v3.10.5
21 error code ELIFECYCLE
22 error neighborhood-map@1.0.0 start: `tsc && cp ./src/index.html ./built && cp -R ./static ./built && cp -R ./externals ./built && http-server ./built -d -o -a localhost -p 8080`
22 error Exit status 2
23 error Failed at the neighborhood-map@1.0.0 start script 'tsc && cp ./src/index.html ./built && cp -R ./static ./built && cp -R ./externals ./built && http-server ./built -d -o -a localhost -p 8080'.
23 error Make sure you have the latest version of node.js and npm installed.
23 error If you do, this is most likely a problem with the neighborhood-map package,
23 error not with npm itself.
23 error Tell the author that this fails on your system:
23 error     tsc && cp ./src/index.html ./built && cp -R ./static ./built && cp -R ./externals ./built && http-server ./built -d -o -a localhost -p 8080
23 error You can get information on how to open an issue for this project with:
23 error     npm bugs neighborhood-map
23 error Or if that isn't available, you can get their info via:
23 error     npm owner ls neighborhood-map
23 error There is likely additional logging output above.
24 verbose exit [ 1, true ]
